<?xml version="1.0" encoding="UTF-8"?>
<!-- Generated by org.testng.reporters.JUnitReportReporter -->
<testsuite hostname="deepeshchauhan" name="demotest.demotestclasstngpass" tests="1" failures="0" timestamp="20 Apr 2020 06:35:24 GMT" time="11.351" errors="0">
  <testcase name="statuscheck" time="11.351" classname="demotest.demotestclasstngpass"/>
</testsuite> <!-- demotest.demotestclasstngpass -->
