<?xml version="1.0" encoding="UTF-8"?>
<!-- Generated by org.testng.reporters.JUnitReportReporter -->
<testsuite hostname="deepeshchauhan" name="demotest.demotestclasstng" tests="1" failures="0" timestamp="20 Apr 2020 04:12:51 GMT" time="11.049" errors="0">
  <testcase name="statuscheck" time="11.049" classname="demotest.demotestclasstng"/>
</testsuite> <!-- demotest.demotestclasstng -->
